0 info it worked if it ends with ok
1 verbose cli [ 'C:\\Program Files\\nodejs\\node.exe',
1 verbose cli   'C:\\Program Files\\nodejs\\node_modules\\npm\\bin\\npm-cli.js',
1 verbose cli   'run',
1 verbose cli   'server' ]
2 info using npm@3.10.10
3 info using node@v6.10.2
4 verbose run-script [ 'preserver', 'server', 'postserver' ]
5 info lifecycle olx@1.0.0~preserver: olx@1.0.0
6 silly lifecycle olx@1.0.0~preserver: no script for preserver, continuing
7 info lifecycle olx@1.0.0~server: olx@1.0.0
8 verbose lifecycle olx@1.0.0~server: unsafe-perm in lifecycle true
9 verbose lifecycle olx@1.0.0~server: PATH: C:\Users\joel bejar\AppData\Roaming\nvm\v6.10.2\node_modules\npm\bin\node-gyp-bin;C:\Users\joel bejar\Documents\GitHub\OLX-Nodejs\node_modules\.bin;C:\ProgramData\Oracle\Java\javapath;C:\WINDOWS\system32;C:\WINDOWS;C:\WINDOWS\System32\Wbem;C:\WINDOWS\System32\WindowsPowerShell\v1.0\;C:\Program Files\Intel\WiFi\bin\;C:\Program Files\Common Files\Intel\WirelessCommon\;C:\Program Files\Microsoft SQL Server\130\Tools\Binn\;C:\Program Files\Microsoft SQL Server\120\Tools\Binn\;C:\Program Files\Java\jdk1.8.0_101\bin;C:\Program Files\Git\cmd;C:\Program Files (x86)\Skype\Phone\;C:\Users\joel bejar\AppData\Roaming\nvm;C:\Program Files\nodejs;C:\Users\joel bejar\AppData\Roaming\nvm;C:\Program Files\MongoDB\Server\3.4\bin;C:\Users\joel bejar\AppData\Local\Microsoft\WindowsApps;C:\Users\joel bejar\AppData\Local\atom\bin;C:\Users\joel bejar\AppData\Roaming\npm;C:\Users\joel bejar\AppData\Roaming\nvm;C:\Program Files\nodejs
10 verbose lifecycle olx@1.0.0~server: CWD: C:\Users\joel bejar\Documents\GitHub\OLX-Nodejs
11 silly lifecycle olx@1.0.0~server: Args: [ '/d /s /c', 'nodemon index.js' ]
12 silly lifecycle olx@1.0.0~server: Returned: code: 3221225786  signal: null
13 info lifecycle olx@1.0.0~server: Failed to exec server script
14 verbose stack Error: olx@1.0.0 server: `nodemon index.js`
14 verbose stack Exit status 3221225786
14 verbose stack     at EventEmitter.<anonymous> (C:\Users\joel bejar\AppData\Roaming\nvm\v6.10.2\node_modules\npm\lib\utils\lifecycle.js:255:16)
14 verbose stack     at emitTwo (events.js:106:13)
14 verbose stack     at EventEmitter.emit (events.js:191:7)
14 verbose stack     at ChildProcess.<anonymous> (C:\Users\joel bejar\AppData\Roaming\nvm\v6.10.2\node_modules\npm\lib\utils\spawn.js:40:14)
14 verbose stack     at emitTwo (events.js:106:13)
14 verbose stack     at ChildProcess.emit (events.js:191:7)
14 verbose stack     at maybeClose (internal/child_process.js:886:16)
14 verbose stack     at Process.ChildProcess._handle.onexit (internal/child_process.js:226:5)
15 verbose pkgid olx@1.0.0
16 verbose cwd C:\Users\joel bejar\Documents\GitHub\OLX-Nodejs
17 error Windows_NT 10.0.14393
18 error argv "C:\\Program Files\\nodejs\\node.exe" "C:\\Program Files\\nodejs\\node_modules\\npm\\bin\\npm-cli.js" "run" "server"
19 error node v6.10.2
20 error npm  v3.10.10
21 error code ELIFECYCLE
22 error olx@1.0.0 server: `nodemon index.js`
22 error Exit status 3221225786
23 error Failed at the olx@1.0.0 server script 'nodemon index.js'.
23 error Make sure you have the latest version of node.js and npm installed.
23 error If you do, this is most likely a problem with the olx package,
23 error not with npm itself.
23 error Tell the author that this fails on your system:
23 error     nodemon index.js
23 error You can get information on how to open an issue for this project with:
23 error     npm bugs olx
23 error Or if that isn't available, you can get their info via:
23 error     npm owner ls olx
23 error There is likely additional logging output above.
24 verbose exit [ 1, true ]
